Using pre-set license
Built from '2022.3/staging' branch; Version is '2022.3.11f1 (d00248457e15) revision 13632072'; Using compiler version '192829333'; Build Type 'Release'
OS: 'Windows 11  (10.0.22621) 64bit Core' Language: 'ko' Physical Memory: 7901 MB
BatchMode: 1, IsHumanControllingUs: 0, StartBugReporterOnCrash: 0, Is64bit: 1, IsPro: 1

COMMAND LINE ARGUMENTS:
C:\Program Files\Unity\Hub\Editor\2022.3.11f1\Editor\Unity.exe
-adb2
-batchMode
-noUpm
-name
AssetImportWorker0
-projectPath
C:/Users/jywle/Desktop/myproj/싸커런_unityfile/bappehanna/soccer-run
-logFile
Logs/AssetImportWorker0.log
-srvPort
63177
Successfully changed project path to: C:/Users/jywle/Desktop/myproj/싸커런_unityfile/bappehanna/soccer-run
C:/Users/jywle/Desktop/myproj/싸커런_unityfile/bappehanna/soccer-run
[UnityMemory] Configuration Parameters - Can be set up in boot.config
    "memorysetup-bucket-allocator-granularity=16"
    "memorysetup-bucket-allocator-bucket-count=8"
    "memorysetup-bucket-allocator-block-size=33554432"
    "memorysetup-bucket-allocator-block-count=8"
    "memorysetup-main-allocator-block-size=16777216"
    "memorysetup-thread-allocator-block-size=16777216"
    "memorysetup-gfx-main-allocator-block-size=16777216"
    "memorysetup-gfx-thread-allocator-block-size=16777216"
    "memorysetup-cache-allocator-block-size=4194304"
    "memorysetup-typetree-allocator-block-size=2097152"
    "memorysetup-profiler-bucket-allocator-granularity=16"
    "memorysetup-profiler-bucket-allocator-bucket-count=8"
    "memorysetup-profiler-bucket-allocator-block-size=33554432"
    "memorysetup-profiler-bucket-allocator-block-count=8"
    "memorysetup-profiler-allocator-block-size=16777216"
    "memorysetup-profiler-editor-allocator-block-size=1048576"
    "memorysetup-temp-allocator-size-main=16777216"
    "memorysetup-job-temp-allocator-block-size=2097152"
    "memorysetup-job-temp-allocator-block-size-background=1048576"
    "memorysetup-job-temp-allocator-reduction-small-platforms=262144"
    "memorysetup-allocator-temp-initial-block-size-main=262144"
    "memorysetup-allocator-temp-initial-block-size-worker=262144"
    "memorysetup-temp-allocator-size-background-worker=32768"
    "memorysetup-temp-allocator-size-job-worker=262144"
    "memorysetup-temp-allocator-size-preload-manager=33554432"
    "memorysetup-temp-allocator-size-nav-mesh-worker=65536"
    "memorysetup-temp-allocator-size-audio-worker=65536"
    "memorysetup-temp-allocator-size-cloud-worker=32768"
    "memorysetup-temp-allocator-size-gi-baking-worker=262144"
    "memorysetup-temp-allocator-size-gfx=262144"
Player connection [20304] Host "[IP] 172.30.1.86 [Port] 0 [Flags] 2 [Guid] 715797102 [EditorId] 715797102 [Version] 1048832 [Id] WindowsEditor(7,DESKTOP-ANU19UU) [Debug] 1 [PackageName] WindowsEditor [ProjectName] Editor" joined multi-casting on [225.0.0.222:54997]...

Player connection [20304] Host "[IP] 172.30.1.86 [Port] 0 [Flags] 2 [Guid] 715797102 [EditorId] 715797102 [Version] 1048832 [Id] WindowsEditor(7,DESKTOP-ANU19UU) [Debug] 1 [PackageName] WindowsEditor [ProjectName] Editor" joined alternative multi-casting on [225.0.0.222:34997]...

[Physics::Module] Initialized MultithreadedJobDispatcher with 7 workers.
Refreshing native plugins compatible for Editor in 39.62 ms, found 3 plugins.
Preloading 0 native plugins for Editor in 0.00 ms.
Initialize engine version: 2022.3.11f1 (d00248457e15)
[Subsystems] Discovering subsystems at path C:/Program Files/Unity/Hub/Editor/2022.3.11f1/Editor/Data/Resources/UnitySubsystems
[Subsystems] Discovering subsystems at path C:/Users/jywle/Desktop/myproj/싸커런_unityfile/bappehanna/soccer-run/Assets
GfxDevice: creating device client; threaded=0; jobified=0
Direct3D:
    Version:  Direct3D 11.0 [level 11.1]
    Renderer: Intel(R) Iris(R) Plus Graphics (ID=0x8a52)
    Vendor:   Intel
    VRAM:     3950 MB
    Driver:   30.0.100.9836
Initialize mono
Mono path[0] = 'C:/Program Files/Unity/Hub/Editor/2022.3.11f1/Editor/Data/Managed'
Mono path[1] = 'C:/Program Files/Unity/Hub/Editor/2022.3.11f1/Editor/Data/MonoBleedingEdge/lib/mono/unityjit-win32'
Mono config path = 'C:/Program Files/Unity/Hub/Editor/2022.3.11f1/Editor/Data/MonoBleedingEdge/etc'
Using monoOptions --debugger-agent=transport=dt_socket,embedding=1,server=y,suspend=n,address=127.0.0.1:56360
Begin MonoManager ReloadAssembly
Registering precompiled unity dll's ...
Register platform support module: C:/Program Files/Unity/Hub/Editor/2022.3.11f1/Editor/Data/PlaybackEngines/AndroidPlayer/UnityEditor.Android.Extensions.dll
Register platform support module: C:/Program Files/Unity/Hub/Editor/2022.3.11f1/Editor/Data/PlaybackEngines/iOSSupport/UnityEditor.iOS.Extensions.dll
Register platform support module: C:/Program Files/Unity/Hub/Editor/2022.3.11f1/Editor/Data/PlaybackEngines/WindowsStandaloneSupport/UnityEditor.WindowsStandalone.Extensions.dll
Registered in 0.034536 seconds.
- Loaded All Assemblies, in  1.133 seconds
Native extension for WindowsStandalone target not found
[usbmuxd] Start listen thread
[usbmuxd] Listen thread started
[usbmuxd] Send listen message
Native extension for iOS target not found
Native extension for Android target not found
Android Extension - Scanning For ADB Devices 1062 ms
Mono: successfully reloaded assembly
- Finished resetting the current domain, in  1.948 seconds
Domain Reload Profiling: 3072ms
	BeginReloadAssembly (380ms)
		ExecutionOrderSort (0ms)
		DisableScriptedObjects (0ms)
		BackupInstance (0ms)
		ReleaseScriptingObjects (0ms)
		CreateAndSetChildDomain (2ms)
	RebuildCommonClasses (93ms)
	RebuildNativeTypeToScriptingClass (28ms)
	initialDomainReloadingComplete (189ms)
	LoadAllAssembliesAndSetupDomain (434ms)
		LoadAssemblies (373ms)
		RebuildTransferFunctionScriptingTraits (0ms)
		AnalyzeDomain (426ms)
			TypeCache.Refresh (422ms)
				TypeCache.ScanAssembly (386ms)
			ScanForSourceGeneratedMonoScriptInfo (2ms)
			ResolveRequiredComponents (1ms)
	FinalizeReload (1949ms)
		ReleaseScriptCaches (0ms)
		RebuildScriptCaches (0ms)
		SetupLoadedEditorAssemblies (1788ms)
			LogAssemblyErrors (0ms)
			InitializePlatformSupportModulesInManaged (1430ms)
			SetLoadedEditorAssemblies (10ms)
			RefreshPlugins (0ms)
			BeforeProcessingInitializeOnLoad (6ms)
			ProcessInitializeOnLoadAttributes (237ms)
			ProcessInitializeOnLoadMethodAttributes (104ms)
			AfterProcessingInitializeOnLoad (0ms)
			EditorAssembliesLoaded (0ms)
		ExecutionOrderSort2 (0ms)
		AwakeInstancesAfterBackupRestoration (0ms)
========================================================================
Worker process is ready to serve import requests
Begin MonoManager ReloadAssembly
- Loaded All Assemblies, in  2.468 seconds
Refreshing native plugins compatible for Editor in 18.81 ms, found 3 plugins.
Native extension for WindowsStandalone target not found
Native extension for iOS target not found
Native extension for Android target not found
Package Manager log level set to [2]
[Package Manager] Server::EnsureServerProcessIsRunning -- launch failed, reason: Unity was launched with the -noUpm command-line argument
[Package Manager] UpmClient::Send -- Unable to send message (not connected to UPM process).
[Package Manager] Cannot connect to Unity Package Manager local server
Mono: successfully reloaded assembly
- Finished resetting the current domain, in  3.692 seconds
Domain Reload Profiling: 6138ms
	BeginReloadAssembly (555ms)
		ExecutionOrderSort (0ms)
		DisableScriptedObjects (17ms)
		BackupInstance (0ms)
		ReleaseScriptingObjects (0ms)
		CreateAndSetChildDomain (82ms)
	RebuildCommonClasses (123ms)
	RebuildNativeTypeToScriptingClass (40ms)
	initialDomainReloadingComplete (191ms)
	LoadAllAssembliesAndSetupDomain (1536ms)
		LoadAssemblies (1236ms)
		RebuildTransferFunctionScriptingTraits (0ms)
		AnalyzeDomain (636ms)
			TypeCache.Refresh (559ms)
				TypeCache.ScanAssembly (496ms)
			ScanForSourceGeneratedMonoScriptInfo (53ms)
			ResolveRequiredComponents (21ms)
	FinalizeReload (3692ms)
		ReleaseScriptCaches (0ms)
		RebuildScriptCaches (0ms)
		SetupLoadedEditorAssemblies (2947ms)
			LogAssemblyErrors (0ms)
			InitializePlatformSupportModulesInManaged (239ms)
			SetLoadedEditorAssemblies (10ms)
			RefreshPlugins (0ms)
			BeforeProcessingInitializeOnLoad (312ms)
			ProcessInitializeOnLoadAttributes (2238ms)
			ProcessInitializeOnLoadMethodAttributes (97ms)
			AfterProcessingInitializeOnLoad (52ms)
			EditorAssembliesLoaded (1ms)
		ExecutionOrderSort2 (0ms)
		AwakeInstancesAfterBackupRestoration (29ms)
Launched and connected shader compiler UnityShaderCompiler.exe after 0.14 seconds
Refreshing native plugins compatible for Editor in 15.44 ms, found 3 plugins.
Preloading 0 native plugins for Editor in 0.00 ms.
Unloading 2992 Unused Serialized files (Serialized files now loaded: 0)
Unloading 31 unused Assets / (56.6 KB). Loaded Objects now: 3466.
Memory consumption went from 127.0 MB to 127.0 MB.
Total: 7.919300 ms (FindLiveObjects: 0.588000 ms CreateObjectMapping: 0.324600 ms MarkObjects: 6.643400 ms  DeleteObjects: 0.360700 ms)

AssetImportParameters requested are different than current active one (requested -> active):
  custom:video-decoder-webm-vp8: 9c59270c3fd7afecdb556c50c9e8de78 -> 
  custom:SearchIndexIgnoredProperties: e643bd26f0fe6173181afceb89e7c659 -> 
  custom:container-demuxer-ogg: 62fdf1f143b41e24485cea50d1cbac27 -> 
  custom:AudioImporter_EditorPlatform: d09bf68614088b80899f8185d706f6e7 -> 
  custom:video-decoder-ogg-theora: a1e56fd34408186e4bbccfd4996cb3dc -> 
  custom:framework-win-MediaFoundation: 216162199b28c13a410421893ffa2e32 -> 
  custom:video-encoder-webm-vp8: eb34c28f22e8b96e1ab97ce403110664 -> 
  custom:audio-decoder-ogg-vorbis: bf7c407c2cedff20999df2af8eb42d56 -> 
  custom:CustomObjectIndexerAttribute: 756ad292c208cfabdd7b50bc23989ffe -> 
  custom:container-demuxer-webm: 4f35f7cbe854078d1ac9338744f61a02 -> 
  custom:audio-encoder-webm-vorbis: bf7c407c2cedff20999df2af8eb42d56 -> 
  custom:container-muxer-webm: aa71ff27fc2769a1b78a27578f13a17b -> 
========================================================================
Received Import Request.
  Time since last request: 24061.641869 seconds.
  path: Assets/Character/Enemy/cha_Mbappe_yellow.fbx
  artifactKey: Guid(06b3514ff2d1e4ef98c6324eddc18b7b) Importer(815301076,1909f56bfc062723c751e8b465ee728b)
Start importing Assets/Character/Enemy/cha_Mbappe_yellow.fbx using Guid(06b3514ff2d1e4ef98c6324eddc18b7b) Importer(815301076,1909f56bfc062723c751e8b465ee728b)  -> (artifact id: '3596d4c327fc704fdc96266385cc76f2') in 7.624003 seconds
Number of updated asset objects reloaded before import = 0
Number of asset objects unloaded after import = 128
========================================================================
Received Import Request.
  Time since last request: 0.000184 seconds.
  path: Assets/Character/Enemy/cha_Main_red.fbx
  artifactKey: Guid(c8f3ad38ad0284e2d8c2296d328251ba) Importer(815301076,1909f56bfc062723c751e8b465ee728b)
Start importing Assets/Character/Enemy/cha_Main_red.fbx using Guid(c8f3ad38ad0284e2d8c2296d328251ba) Importer(815301076,1909f56bfc062723c751e8b465ee728b)  -> (artifact id: 'cc5e49c79b4fd0f49a97112fb7efdb67') in 2.402893 seconds
Number of updated asset objects reloaded before import = 0
Number of asset objects unloaded after import = 124
========================================================================
Received Import Request.
  Time since last request: 0.000107 seconds.
  path: Assets/Character/Enemy/cha_Ronaldo_yellow.fbx
  artifactKey: Guid(1e3b285e7a00e49eda868b6d11b326f2) Importer(815301076,1909f56bfc062723c751e8b465ee728b)
Start importing Assets/Character/Enemy/cha_Ronaldo_yellow.fbx using Guid(1e3b285e7a00e49eda868b6d11b326f2) Importer(815301076,1909f56bfc062723c751e8b465ee728b)  -> (artifact id: '34db4bc554c0c1f890af8e9469efdab1') in 0.678089 seconds
Number of updated asset objects reloaded before import = 0
Number of asset objects unloaded after import = 129
========================================================================
Received Import Request.
  Time since last request: 0.000124 seconds.
  path: Assets/Character/Enemy/cha_Sonny_red.fbx
  artifactKey: Guid(467e8204ccffd43a389a65b9d8cb9a60) Importer(815301076,1909f56bfc062723c751e8b465ee728b)
Start importing Assets/Character/Enemy/cha_Sonny_red.fbx using Guid(467e8204ccffd43a389a65b9d8cb9a60) Importer(815301076,1909f56bfc062723c751e8b465ee728b)  -> (artifact id: 'b027012a93467e8dfb9b238519e3a212') in 0.815675 seconds
Number of updated asset objects reloaded before import = 0
Number of asset objects unloaded after import = 166
========================================================================
Received Import Request.
  Time since last request: 0.000065 seconds.
  path: Assets/Character/Enemy/cha_Haland_blue.fbx
  artifactKey: Guid(a0717b25c1f7d4f36868673fbde44c86) Importer(815301076,1909f56bfc062723c751e8b465ee728b)
Start importing Assets/Character/Enemy/cha_Haland_blue.fbx using Guid(a0717b25c1f7d4f36868673fbde44c86) Importer(815301076,1909f56bfc062723c751e8b465ee728b)  -> (artifact id: 'e2eaa371dcf9c6ec41dbbde3cacd4040') in 0.403136 seconds
Number of updated asset objects reloaded before import = 0
Number of asset objects unloaded after import = 124
========================================================================
Received Import Request.
  Time since last request: 0.000058 seconds.
  path: Assets/Scenes/StartUI.unity
  artifactKey: Guid(330697f421b3d8e4fab3242cda6b5d6c) Importer(815301076,1909f56bfc062723c751e8b465ee728b)
Start importing Assets/Scenes/StartUI.unity using Guid(330697f421b3d8e4fab3242cda6b5d6c) Importer(815301076,1909f56bfc062723c751e8b465ee728b)  -> (artifact id: 'e780095e753f83db9d33f5efceab0aee') in 0.003502 seconds
Number of updated asset objects reloaded before import = 0
Number of asset objects unloaded after import = 0
========================================================================
Received Import Request.
  Time since last request: 0.000483 seconds.
  path: Assets/Character/Enemy/cha_Sonny_yellow.fbx
  artifactKey: Guid(826247461acd142838307bd048f6ec1d) Importer(815301076,1909f56bfc062723c751e8b465ee728b)
Start importing Assets/Character/Enemy/cha_Sonny_yellow.fbx using Guid(826247461acd142838307bd048f6ec1d) Importer(815301076,1909f56bfc062723c751e8b465ee728b)  -> (artifact id: '1d8fff87854b11b3a07f94b4a55d1e21') in 0.757305 seconds
Number of updated asset objects reloaded before import = 0
Number of asset objects unloaded after import = 166
========================================================================
Received Import Request.
  Time since last request: 0.000063 seconds.
  path: Assets/Character/Enemy/cha_Ronaldo_blue.fbx
  artifactKey: Guid(239c8965103d540c7af2b80cb442bcfa) Importer(815301076,1909f56bfc062723c751e8b465ee728b)
Start importing Assets/Character/Enemy/cha_Ronaldo_blue.fbx using Guid(239c8965103d540c7af2b80cb442bcfa) Importer(815301076,1909f56bfc062723c751e8b465ee728b)  -> (artifact id: '753fe2cdee4903a6e1b10e4c0348c3d9') in 0.497983 seconds
Number of updated asset objects reloaded before import = 0
Number of asset objects unloaded after import = 129
